<?xml version="1.0" encoding="UTF-8"?>
<!-- Generated by org.testng.reporters.JUnitXMLReporter -->
<testsuite ignored="0" hostname="DESKTOP-UKO22H1" failures="0" tests="6" name="TestCycle3" time="100.707" errors="0" timestamp="2024-01-20T16:31:47 IST">
  <testcase classname="io.cucumber.testng.AbstractTestNGCucumberTests" name="runScenario" time="50.75"/>
  <testcase classname="tests.ViewSavingsTest" name="clicksigin" time="35.878"/>
  <testcase classname="tests.ViewSavingsTest" name="clcikingMenuIcon" time="0.103"/>
  <testcase classname="tests.ViewSavingsTest" name="clickingsavings" time="0.094"/>
  <testcase classname="tests.ViewSavingsTest" name="navigationofsavings" time="3.05"/>
  <testcase classname="tests.ViewSavingsTest" name="serachtranscations" time="0.196"/>
</testsuite> <!-- TestCycle3 -->
